# JRE version: Java(TM) SE Runtime Environment (8.0_251-b08) (build 1.8.0_251-b08)
# Java VM: Java HotSpot(TM) 64-Bit Server VM (25.251-b08 mixed mode windows-amd64 compressed oops)
Heap:
 PSYoungGen      total 92672K, used 14112K [0x000000076b300000, 0x0000000777d80000, 0x00000007c0000000)
  eden space 90624K, 13% used [0x000000076b300000,0x000000076befbee0,0x0000000770b80000)
  from space 2048K, 89% used [0x0000000777700000,0x00000007778cc190,0x0000000777900000)
  to   space 4096K, 0% used [0x0000000777980000,0x0000000777980000,0x0000000777d80000)
 ParOldGen       total 127488K, used 25768K [0x00000006c1800000, 0x00000006c9480000, 0x000000076b300000)
  object space 127488K, 20% used [0x00000006c1800000,0x00000006c312a2b8,0x00000006c9480000)
 Metaspace       used 46311K, capacity 48840K, committed 48896K, reserved 1091584K
  class space    used 6185K, capacity 6630K, committed 6656K, reserved 1048576K
GC Heap History (10 events):
Event: 23543.262 GC heap before
{Heap before GC invocations=47 (full 2):
 PSYoungGen      total 102912K, used 102464K [0x000000076b300000, 0x0000000778680000, 0x00000007c0000000)
  eden space 100864K, 100% used [0x000000076b300000,0x0000000771580000,0x0000000771580000)
  from space 2048K, 78% used [0x0000000778480000,0x0000000778610120,0x0000000778680000)
  to   space 4608K, 0% used [0x0000000777d80000,0x0000000777d80000,0x0000000778200000)
 ParOldGen       total 127488K, used 25688K [0x00000006c1800000, 0x00000006c9480000, 0x000000076b300000)
  object space 127488K, 20% used [0x00000006c1800000,0x00000006c31162b8,0x00000006c9480000)
 Metaspace       used 46311K, capacity 48840K, committed 48896K, reserved 1091584K
  class space    used 6185K, capacity 6630K, committed 6656K, reserved 1048576K
Event: 23543.269 GC heap after
Heap after GC invocations=47 (full 2):
 PSYoungGen      total 100864K, used 1760K [0x000000076b300000, 0x0000000778500000, 0x00000007c0000000)
  eden space 98816K, 0% used [0x000000076b300000,0x000000076b300000,0x0000000771380000)
  from space 2048K, 85% used [0x0000000777d80000,0x0000000777f38180,0x0000000777f80000)
  to   space 4608K, 0% used [0x0000000778080000,0x0000000778080000,0x0000000778500000)
 ParOldGen       total 127488K, used 25744K [0x00000006c1800000, 0x00000006c9480000, 0x000000076b300000)
  object space 127488K, 20% used [0x00000006c1800000,0x00000006c31242b8,0x00000006c9480000)
 Metaspace       used 46311K, capacity 48840K, committed 48896K, reserved 1091584K
  class space    used 6185K, capacity 6630K, committed 6656K, reserved 1048576K
}
Event: 23923.779 GC heap before
{Heap before GC invocations=48 (full 2):
 PSYoungGen      total 100864K, used 100576K [0x000000076b300000, 0x0000000778500000, 0x00000007c0000000)
  eden space 98816K, 100% used [0x000000076b300000,0x0000000771380000,0x0000000771380000)
  from space 2048K, 85% used [0x0000000777d80000,0x0000000777f38180,0x0000000777f80000)
  to   space 4608K, 0% used [0x0000000778080000,0x0000000778080000,0x0000000778500000)
 ParOldGen       total 127488K, used 25744K [0x00000006c1800000, 0x00000006c9480000, 0x000000076b300000)
  object space 127488K, 20% used [0x00000006c1800000,0x00000006c31242b8,0x00000006c9480000)
 Metaspace       used 46311K, capacity 48840K, committed 48896K, reserved 1091584K
  class space    used 6185K, capacity 6630K, committed 6656K, reserved 1048576K
Event: 23923.784 GC heap after
Heap after GC invocations=48 (full 2):
 PSYoungGen      total 98304K, used 1440K [0x000000076b300000, 0x0000000778200000, 0x00000007c0000000)
  eden space 96768K, 0% used [0x000000076b300000,0x000000076b300000,0x0000000771180000)
  from space 1536K, 93% used [0x0000000778080000,0x00000007781e8100,0x0000000778200000)
  to   space 4096K, 0% used [0x0000000777a00000,0x0000000777a00000,0x0000000777e00000)
 ParOldGen       total 127488K, used 25744K [0x00000006c1800000, 0x00000006c9480000, 0x000000076b300000)
  object space 127488K, 20% used [0x00000006c1800000,0x00000006c31242b8,0x00000006c9480000)
 Metaspace       used 46311K, capacity 48840K, committed 48896K, reserved 1091584K
  class space    used 6185K, capacity 6630K, committed 6656K, reserved 1048576K
}
Event: 24302.584 GC heap before
{Heap before GC invocations=49 (full 2):
 PSYoungGen      total 98304K, used 98208K [0x000000076b300000, 0x0000000778200000, 0x00000007c0000000)
  eden space 96768K, 100% used [0x000000076b300000,0x0000000771180000,0x0000000771180000)
  from space 1536K, 93% used [0x0000000778080000,0x00000007781e8100,0x0000000778200000)
  to   space 4096K, 0% used [0x0000000777a00000,0x0000000777a00000,0x0000000777e00000)
 ParOldGen       total 127488K, used 25744K [0x00000006c1800000, 0x00000006c9480000, 0x000000076b300000)
  object space 127488K, 20% used [0x00000006c1800000,0x00000006c31242b8,0x00000006c9480000)
 Metaspace       used 46311K, capacity 48840K, committed 48896K, reserved 1091584K
  class space    used 6185K, capacity 6630K, committed 6656K, reserved 1048576K
Event: 24302.592 GC heap after
Heap after GC invocations=49 (full 2):
 PSYoungGen      total 96256K, used 1376K [0x000000076b300000, 0x0000000778100000, 0x00000007c0000000)
  eden space 94720K, 0% used [0x000000076b300000,0x000000076b300000,0x0000000770f80000)
  from space 1536K, 89% used [0x0000000777a00000,0x0000000777b580e0,0x0000000777b80000)
  to   space 4096K, 0% used [0x0000000777d00000,0x0000000777d00000,0x0000000778100000)
 ParOldGen       total 127488K, used 25744K [0x00000006c1800000, 0x00000006c9480000, 0x000000076b300000)
  object space 127488K, 20% used [0x00000006c1800000,0x00000006c31242b8,0x00000006c9480000)
 Metaspace       used 46311K, capacity 48840K, committed 48896K, reserved 1091584K
  class space    used 6185K, capacity 6630K, committed 6656K, reserved 1048576K
}
Event: 24664.710 GC heap before
{Heap before GC invocations=50 (full 2):
 PSYoungGen      total 96256K, used 96096K [0x000000076b300000, 0x0000000778100000, 0x00000007c0000000)
  eden space 94720K, 100% used [0x000000076b300000,0x0000000770f80000,0x0000000770f80000)
  from space 1536K, 89% used [0x0000000777a00000,0x0000000777b580e0,0x0000000777b80000)
  to   space 4096K, 0% used [0x0000000777d00000,0x0000000777d00000,0x0000000778100000)
 ParOldGen       total 127488K, used 25744K [0x00000006c1800000, 0x00000006c9480000, 0x000000076b300000)
  object space 127488K, 20% used [0x00000006c1800000,0x00000006c31242b8,0x00000006c9480000)
 Metaspace       used 46311K, capacity 48840K, committed 48896K, reserved 1091584K
  class space    used 6185K, capacity 6630K, committed 6656K, reserved 1048576K
Event: 24664.714 GC heap after
Heap after GC invocations=50 (full 2):
 PSYoungGen      total 94720K, used 1632K [0x000000076b300000, 0x0000000777f00000, 0x00000007c0000000)
  eden space 92672K, 0% used [0x000000076b300000,0x000000076b300000,0x0000000770d80000)
  from space 2048K, 79% used [0x0000000777d00000,0x0000000777e98140,0x0000000777f00000)
  to   space 4096K, 0% used [0x0000000777700000,0x0000000777700000,0x0000000777b00000)
 ParOldGen       total 127488K, used 25752K [0x00000006c1800000, 0x00000006c9480000, 0x000000076b300000)
  object space 127488K, 20% used [0x00000006c1800000,0x00000006c31262b8,0x00000006c9480000)
 Metaspace       used 46311K, capacity 48840K, committed 48896K, reserved 1091584K
  class space    used 6185K, capacity 6630K, committed 6656K, reserved 1048576K
}
Event: 25015.176 GC heap before
{Heap before GC invocations=51 (full 2):
 PSYoungGen      total 94720K, used 94304K [0x000000076b300000, 0x0000000777f00000, 0x00000007c0000000)
  eden space 92672K, 100% used [0x000000076b300000,0x0000000770d80000,0x0000000770d80000)
  from space 2048K, 79% used [0x0000000777d00000,0x0000000777e98140,0x0000000777f00000)
  to   space 4096K, 0% used [0x0000000777700000,0x0000000777700000,0x0000000777b00000)
 ParOldGen       total 127488K, used 25752K [0x00000006c1800000, 0x00000006c9480000, 0x000000076b300000)
  object space 127488K, 20% used [0x00000006c1800000,0x00000006c31262b8,0x00000006c9480000)
 Metaspace       used 46311K, capacity 48840K, committed 48896K, reserved 1091584K
  class space    used 6185K, capacity 6630K, committed 6656K, reserved 1048576K
Event: 25015.182 GC heap after
Heap after GC invocations=51 (full 2):
 PSYoungGen      total 92672K, used 1840K [0x000000076b300000, 0x0000000777d80000, 0x00000007c0000000)
  eden space 90624K, 0% used [0x000000076b300000,0x000000076b300000,0x0000000770b80000)
  from space 2048K, 89% used [0x0000000777700000,0x00000007778cc190,0x0000000777900000)
  to   space 4096K, 0% used [0x0000000777980000,0x0000000777980000,0x0000000777d80000)
 ParOldGen       total 127488K, used 25768K [0x00000006c1800000, 0x00000006c9480000, 0x000000076b300000)
  object space 127488K, 20% used [0x00000006c1800000,0x00000006c312a2b8,0x00000006c9480000)
 Metaspace       used 46311K, capacity 48840K, committed 48896K, reserved 1091584K
  class space    used 6185K, capacity 6630K, committed 6656K, reserved 1048576K
}

